0 verbose cli C:\nvm4w\nodejs\node.exe C:\nvm4w\nodejs\node_modules\npm\bin\npm-cli.js
1 info using npm@11.3.0
2 info using node@v20.19.0
3 silly config load:file:C:\Users\Nacho\AppData\Local\nvm\v20.19.0\node_modules\npm\npmrc
4 silly config load:file:C:\Users\Nacho\Documents\prode\prode-2026\backend\.npmrc
5 silly config load:file:C:\Users\Nacho\.npmrc
6 silly config load:file:C:\nvm4w\nodejs\etc\npmrc
7 verbose title npm install
8 verbose argv "install"
9 verbose logfile logs-max:10 dir:C:\Users\Nacho\Documents\prode\prode-2026\.npm\_logs\2025-08-12T21_28_15_552Z-
10 verbose logfile C:\Users\Nacho\Documents\prode\prode-2026\.npm\_logs\2025-08-12T21_28_15_552Z-debug-0.log
11 silly logfile done cleaning log files
12 silly packumentCache heap:4345298944 maxSize:1086324736 maxEntrySize:543162368
13 silly idealTree buildDeps
14 silly reify moves {}
15 silly audit bulk request {
15 silly audit   '@cspotcode/source-map-support': [ '0.8.1' ],
15 silly audit   '@jridgewell/resolve-uri': [ '3.1.2' ],
15 silly audit   '@jridgewell/sourcemap-codec': [ '1.5.5' ],
15 silly audit   '@jridgewell/trace-mapping': [ '0.3.9' ],
15 silly audit   '@prisma/client': [ '5.22.0' ],
15 silly audit   '@prisma/debug': [ '5.22.0' ],
15 silly audit   '@prisma/engines': [ '5.22.0' ],
15 silly audit   '@prisma/engines-version': [ '5.22.0-44.605197351a3c8bdd595af2d2a9bc3025bca48ea2' ],
15 silly audit   '@prisma/fetch-engine': [ '5.22.0' ],
15 silly audit   '@prisma/get-platform': [ '5.22.0' ],
15 silly audit   '@tsconfig/node10': [ '1.0.11' ],
15 silly audit   '@tsconfig/node12': [ '1.0.11' ],
15 silly audit   '@tsconfig/node14': [ '1.0.3' ],
15 silly audit   '@tsconfig/node16': [ '1.0.4' ],
15 silly audit   '@types/bcryptjs': [ '2.4.6' ],
15 silly audit   '@types/body-parser': [ '1.19.6' ],
15 silly audit   '@types/connect': [ '3.4.38' ],
15 silly audit   '@types/cors': [ '2.8.19' ],
15 silly audit   '@types/express': [ '4.17.23' ],
15 silly audit   '@types/express-serve-static-core': [ '4.19.6' ],
15 silly audit   '@types/http-errors': [ '2.0.5' ],
15 silly audit   '@types/jsonwebtoken': [ '9.0.10' ],
15 silly audit   '@types/mime': [ '1.3.5' ],
15 silly audit   '@types/morgan': [ '1.9.10' ],
15 silly audit   '@types/ms': [ '2.1.0' ],
15 silly audit   '@types/node': [ '20.19.10' ],
15 silly audit   '@types/qs': [ '6.14.0' ],
15 silly audit   '@types/range-parser': [ '1.2.7' ],
15 silly audit   '@types/send': [ '0.17.5' ],
15 silly audit   '@types/serve-static': [ '1.15.8' ],
15 silly audit   '@types/strip-bom': [ '3.0.0' ],
15 silly audit   '@types/strip-json-comments': [ '0.0.30' ],
15 silly audit   accepts: [ '1.3.8' ],
15 silly audit   acorn: [ '8.15.0' ],
15 silly audit   'acorn-walk': [ '8.3.4' ],
15 silly audit   anymatch: [ '3.1.3' ],
15 silly audit   arg: [ '4.1.3' ],
15 silly audit   'array-flatten': [ '1.1.1' ],
15 silly audit   'balanced-match': [ '1.0.2' ],
15 silly audit   'basic-auth': [ '2.0.1' ],
15 silly audit   'safe-buffer': [ '5.1.2', '5.2.1' ],
15 silly audit   bcryptjs: [ '2.4.3' ],
15 silly audit   'binary-extensions': [ '2.3.0' ],
15 silly audit   'body-parser': [ '1.20.3' ],
15 silly audit   'brace-expansion': [ '1.1.12' ],
15 silly audit   braces: [ '3.0.3' ],
15 silly audit   'buffer-equal-constant-time': [ '1.0.1' ],
15 silly audit   'buffer-from': [ '1.1.2' ],
15 silly audit   bytes: [ '3.1.2' ],
15 silly audit   'call-bind-apply-helpers': [ '1.0.2' ],
15 silly audit   'call-bound': [ '1.0.4' ],
15 silly audit   chokidar: [ '3.6.0' ],
15 silly audit   'concat-map': [ '0.0.1' ],
15 silly audit   'content-disposition': [ '0.5.4' ],
15 silly audit   'content-type': [ '1.0.5' ],
15 silly audit   cookie: [ '0.7.1' ],
15 silly audit   'cookie-signature': [ '1.0.6' ],
15 silly audit   cors: [ '2.8.5' ],
15 silly audit   'create-require': [ '1.1.1' ],
15 silly audit   debug: [ '2.6.9' ],
15 silly audit   depd: [ '2.0.0' ],
15 silly audit   destroy: [ '1.2.0' ],
15 silly audit   diff: [ '4.0.2' ],
15 silly audit   dotenv: [ '16.6.1' ],
15 silly audit   'dunder-proto': [ '1.0.1' ],
15 silly audit   'dynamic-dedupe': [ '0.3.0' ],
15 silly audit   'ecdsa-sig-formatter': [ '1.0.11' ],
15 silly audit   'ee-first': [ '1.1.1' ],
15 silly audit   encodeurl: [ '2.0.0', '1.0.2' ],
15 silly audit   'es-define-property': [ '1.0.1' ],
15 silly audit   'es-errors': [ '1.3.0' ],
15 silly audit   'es-object-atoms': [ '1.1.1' ],
15 silly audit   'escape-html': [ '1.0.3' ],
15 silly audit   etag: [ '1.8.1' ],
15 silly audit   express: [ '4.21.2' ],
15 silly audit   'express-rate-limit': [ '7.5.1' ],
15 silly audit   'fill-range': [ '7.1.1' ],
15 silly audit   finalhandler: [ '1.3.1' ],
15 silly audit   forwarded: [ '0.2.0' ],
15 silly audit   fresh: [ '0.5.2' ],
15 silly audit   'fs.realpath': [ '1.0.0' ],
15 silly audit   fsevents: [ '2.3.3' ],
15 silly audit   'function-bind': [ '1.1.2' ],
15 silly audit   'get-intrinsic': [ '1.3.0' ],
15 silly audit   'get-proto': [ '1.0.1' ],
15 silly audit   glob: [ '7.2.3' ],
15 silly audit   'glob-parent': [ '5.1.2' ],
15 silly audit   gopd: [ '1.2.0' ],
15 silly audit   'has-symbols': [ '1.1.0' ],
15 silly audit   hasown: [ '2.0.2' ],
15 silly audit   helmet: [ '7.2.0' ],
15 silly audit   'http-errors': [ '2.0.0' ],
15 silly audit   'iconv-lite': [ '0.4.24' ],
15 silly audit   inflight: [ '1.0.6' ],
15 silly audit   inherits: [ '2.0.4' ],
15 silly audit   'ipaddr.js': [ '1.9.1' ],
15 silly audit   'is-binary-path': [ '2.1.0' ],
15 silly audit   'is-core-module': [ '2.16.1' ],
15 silly audit   'is-extglob': [ '2.1.1' ],
15 silly audit   'is-glob': [ '4.0.3' ],
15 silly audit   'is-number': [ '7.0.0' ],
15 silly audit   jsonwebtoken: [ '9.0.2' ],
15 silly audit   ms: [ '2.1.3', '2.0.0' ],
15 silly audit   jwa: [ '1.4.2' ],
15 silly audit   jws: [ '3.2.2' ],
15 silly audit   'lodash.includes': [ '4.3.0' ],
15 silly audit   'lodash.isboolean': [ '3.0.3' ],
15 silly audit   'lodash.isinteger': [ '4.0.4' ],
15 silly audit   'lodash.isnumber': [ '3.0.3' ],
15 silly audit   'lodash.isplainobject': [ '4.0.6' ],
15 silly audit   'lodash.isstring': [ '4.0.1' ],
15 silly audit   'lodash.once': [ '4.1.1' ],
15 silly audit   'make-error': [ '1.3.6' ],
15 silly audit   'math-intrinsics': [ '1.1.0' ],
15 silly audit   'media-typer': [ '0.3.0' ],
15 silly audit   'merge-descriptors': [ '1.0.3' ],
15 silly audit   methods: [ '1.1.2' ],
15 silly audit   mime: [ '1.6.0' ],
15 silly audit   'mime-db': [ '1.52.0' ],
15 silly audit   'mime-types': [ '2.1.35' ],
15 silly audit   minimatch: [ '3.1.2' ],
15 silly audit   minimist: [ '1.2.8' ],
15 silly audit   mkdirp: [ '1.0.4' ],
15 silly audit   morgan: [ '1.10.1' ],
15 silly audit   'on-finished': [ '2.3.0', '2.4.1' ],
15 silly audit   negotiator: [ '0.6.3' ],
15 silly audit   'normalize-path': [ '3.0.0' ],
15 silly audit   'object-assign': [ '4.1.1' ],
15 silly audit   'object-inspect': [ '1.13.4' ],
15 silly audit   'on-headers': [ '1.1.0' ],
15 silly audit   once: [ '1.4.0' ],
15 silly audit   parseurl: [ '1.3.3' ],
15 silly audit   'path-is-absolute': [ '1.0.1' ],
15 silly audit   'path-parse': [ '1.0.7' ],
15 silly audit   'path-to-regexp': [ '0.1.12' ],
15 silly audit   picomatch: [ '2.3.1' ],
15 silly audit   prisma: [ '5.22.0' ],
15 silly audit   'proxy-addr': [ '2.0.7' ],
15 silly audit   qs: [ '6.13.0' ],
15 silly audit   'range-parser': [ '1.2.1' ],
15 silly audit   'raw-body': [ '2.5.2' ],
15 silly audit   readdirp: [ '3.6.0' ],
15 silly audit   resolve: [ '1.22.10' ],
15 silly audit   rimraf: [ '2.7.1' ],
15 silly audit   'safer-buffer': [ '2.1.2' ],
15 silly audit   semver: [ '7.7.2' ],
15 silly audit   send: [ '0.19.0' ],
15 silly audit   'serve-static': [ '1.16.2' ],
15 silly audit   setprototypeof: [ '1.2.0' ],
15 silly audit   'side-channel': [ '1.1.0' ],
15 silly audit   'side-channel-list': [ '1.0.0' ],
15 silly audit   'side-channel-map': [ '1.0.1' ],
15 silly audit   'side-channel-weakmap': [ '1.0.2' ],
15 silly audit   'source-map': [ '0.6.1' ],
15 silly audit   'source-map-support': [ '0.5.21' ],
15 silly audit   statuses: [ '2.0.1' ],
15 silly audit   'strip-bom': [ '3.0.0' ],
15 silly audit   'strip-json-comments': [ '2.0.1' ],
15 silly audit   'supports-preserve-symlinks-flag': [ '1.0.0' ],
15 silly audit   'to-regex-range': [ '5.0.1' ],
15 silly audit   toidentifier: [ '1.0.1' ],
15 silly audit   'tree-kill': [ '1.2.2' ],
15 silly audit   'ts-node': [ '10.9.2' ],
15 silly audit   'ts-node-dev': [ '2.0.0' ],
15 silly audit   tsconfig: [ '7.0.0' ],
15 silly audit   'type-is': [ '1.6.18' ],
15 silly audit   typescript: [ '5.9.2' ],
15 silly audit   'undici-types': [ '6.21.0' ],
15 silly audit   unpipe: [ '1.0.0' ],
15 silly audit   'utils-merge': [ '1.0.1' ],
15 silly audit   'v8-compile-cache-lib': [ '3.0.1' ],
15 silly audit   vary: [ '1.1.2' ],
15 silly audit   wrappy: [ '1.0.2' ],
15 silly audit   xtend: [ '4.0.2' ],
15 silly audit   yn: [ '3.1.1' ]
15 silly audit }
16 http fetch POST 200 https://registry.npmjs.org/-/npm/v1/security/advisories/bulk 364ms
17 silly audit report {}
18 verbose cwd C:\Users\Nacho\Documents\prode\prode-2026\backend
19 verbose os Windows_NT 10.0.26100
20 verbose node v20.19.0
21 verbose npm  v11.3.0
22 verbose exit 0
23 info ok
