0 verbose cli C:\nvm4w\nodejs\node.exe C:\nvm4w\nodejs\node_modules\npm\bin\npm-cli.js
1 info using npm@11.3.0
2 info using node@v20.19.0
3 silly config load:file:C:\Users\Nacho\AppData\Local\nvm\v20.19.0\node_modules\npm\npmrc
4 silly config load:file:C:\Users\Nacho\Documents\prode\prode-2026\.npmrc
5 silly config load:file:C:\Users\Nacho\.npmrc
6 silly config load:file:C:\nvm4w\nodejs\etc\npmrc
7 verbose title npm run build:backend
8 verbose argv "run" "build:backend"
9 verbose logfile logs-max:10 dir:C:\Users\Nacho\Documents\prode\prode-2026\.npm\_logs\2025-08-12T21_27_46_637Z-
10 verbose logfile C:\Users\Nacho\Documents\prode\prode-2026\.npm\_logs\2025-08-12T21_27_46_637Z-debug-0.log
11 silly logfile done cleaning log files
12 http fetch GET 200 https://registry.npmjs.org/npm 196ms
13 verbose cwd C:\Users\Nacho\Documents\prode\prode-2026
14 verbose os Windows_NT 10.0.26100
15 verbose node v20.19.0
16 verbose npm  v11.3.0
17 notice
17 notice New [33mminor[39m version of npm available! [33m11.3.0[39m -> [34m11.5.2[39m
17 notice Changelog: [34mhttps://github.com/npm/cli/releases/tag/v11.5.2[39m
17 notice To update run: [4mnpm install -g npm@11.5.2[24m
17 notice  { force: true, [Symbol(proc-log.meta)]: true }
18 verbose exit 0
19 info ok
